Fri Feb 27 01:03:56 UTC 2026: 开始安装 Python 依赖
Fri Feb 27 01:03:56 UTC 2026: 升级 pip, setuptools 和 wheel
Requirement already satisfied: pip in /opt/hostedtoolcache/Python/3.10.19/x64/lib/python3.10/site-packages (26.0.1)
Requirement already satisfied: setuptools in /opt/hostedtoolcache/Python/3.10.19/x64/lib/python3.10/site-packages (79.0.1)
Collecting setuptools
  Downloading setuptools-82.0.0-py3-none-any.whl.metadata (6.6 kB)
Collecting wheel
  Downloading wheel-0.46.3-py3-none-any.whl.metadata (2.4 kB)
Collecting packaging>=24.0 (from wheel)
  Downloading packaging-26.0-py3-none-any.whl.metadata (3.3 kB)
Downloading setuptools-82.0.0-py3-none-any.whl (1.0 MB)
   ━━━━━━━━━━━━━━━━━━━━━━━━━━━━━━━━━━━━━━━━ 1.0/1.0 MB 26.9 MB/s  0:00:00
Downloading wheel-0.46.3-py3-none-any.whl (30 kB)
Downloading packaging-26.0-py3-none-any.whl (74 kB)
Installing collected packages: setuptools, packaging, wheel
  Attempting uninstall: setuptools
    Found existing installation: setuptools 79.0.1
    Uninstalling setuptools-79.0.1:
      Successfully uninstalled setuptools-79.0.1

Successfully installed packaging-26.0 setuptools-82.0.0 wheel-0.46.3
Fri Feb 27 01:04:00 UTC 2026: 安装 buildozer 和 cython
Collecting buildozer
  Downloading buildozer-1.5.0-py3-none-any.whl.metadata (139 kB)
Collecting cython
  Downloading cython-3.2.4-cp310-cp310-manylinux2014_x86_64.manylinux_2_17_x86_64.manylinux_2_28_x86_64.whl.metadata (7.5 kB)
Collecting pexpect (from buildozer)
  Downloading pexpect-4.9.0-py2.py3-none-any.whl.metadata (2.5 kB)
Collecting virtualenv (from buildozer)
  Downloading virtualenv-21.0.0-py3-none-any.whl.metadata (3.5 kB)
Collecting sh (from buildozer)
  Downloading sh-2.2.2-py3-none-any.whl.metadata (3.7 kB)
Collecting ptyprocess>=0.5 (from pexpect->buildozer)
  Downloading ptyprocess-0.7.0-py2.py3-none-any.whl.metadata (1.3 kB)
Collecting distlib<1,>=0.3.7 (from virtualenv->buildozer)
  Downloading distlib-0.4.0-py2.py3-none-any.whl.metadata (5.2 kB)
Collecting filelock<4,>=3.24.2 (from virtualenv->buildozer)
  Downloading filelock-3.24.3-py3-none-any.whl.metadata (2.0 kB)
Collecting platformdirs<5,>=3.9.1 (from virtualenv->buildozer)
  Downloading platformdirs-4.9.2-py3-none-any.whl.metadata (4.7 kB)
Collecting python-discovery>=1 (from virtualenv->buildozer)
  Downloading python_discovery-1.1.0-py3-none-any.whl.metadata (4.0 kB)
Collecting typing-extensions>=4.13.2 (from virtualenv->buildozer)
  Downloading typing_extensions-4.15.0-py3-none-any.whl.metadata (3.3 kB)
Downloading buildozer-1.5.0-py3-none-any.whl (86 kB)
Downloading cython-3.2.4-cp310-cp310-manylinux2014_x86_64.manylinux_2_17_x86_64.manylinux_2_28_x86_64.whl (3.5 MB)
   ━━━━━━━━━━━━━━━━━━━━━━━━━━━━━━━━━━━━━━━━ 3.5/3.5 MB 27.5 MB/s  0:00:00
Downloading pexpect-4.9.0-py2.py3-none-any.whl (63 kB)
Downloading ptyprocess-0.7.0-py2.py3-none-any.whl (13 kB)
Downloading sh-2.2.2-py3-none-any.whl (38 kB)
Downloading virtualenv-21.0.0-py3-none-any.whl (5.8 MB)
   ━━━━━━━━━━━━━━━━━━━━━━━━━━━━━━━━━━━━━━━━ 5.8/5.8 MB 63.6 MB/s  0:00:00
Downloading distlib-0.4.0-py2.py3-none-any.whl (469 kB)
Downloading filelock-3.24.3-py3-none-any.whl (24 kB)
Downloading platformdirs-4.9.2-py3-none-any.whl (21 kB)
Downloading python_discovery-1.1.0-py3-none-any.whl (30 kB)
Downloading typing_extensions-4.15.0-py3-none-any.whl (44 kB)
Installing collected packages: ptyprocess, distlib, typing-extensions, sh, platformdirs, pexpect, filelock, cython, python-discovery, virtualenv, buildozer

Successfully installed buildozer-1.5.0 cython-3.2.4 distlib-0.4.0 filelock-3.24.3 pexpect-4.9.0 platformdirs-4.9.2 ptyprocess-0.7.0 python-discovery-1.1.0 sh-2.2.2 typing-extensions-4.15.0 virtualenv-21.0.0
Fri Feb 27 01:04:03 UTC 2026: 安装 requirements.txt 中的依赖
Collecting kivy==2.3.0 (from -r requirements.txt (line 5))
  Downloading Kivy-2.3.0-cp310-cp310-manylinux_2_17_x86_64.manylinux2014_x86_64.whl.metadata (15 kB)
Collecting plyer>=2.1.0 (from -r requirements.txt (line 6))
  Downloading plyer-2.1.0-py2.py3-none-any.whl.metadata (61 kB)
Collecting Pillow>=9.0.0 (from -r requirements.txt (line 9))
  Downloading pillow-12.1.1-cp310-cp310-manylinux_2_27_x86_64.manylinux_2_28_x86_64.whl.metadata (8.8 kB)
Collecting Kivy-Garden>=0.1.4 (from kivy==2.3.0->-r requirements.txt (line 5))
  Downloading Kivy_Garden-0.1.5-py3-none-any.whl.metadata (159 bytes)
Collecting docutils (from kivy==2.3.0->-r requirements.txt (line 5))
  Downloading docutils-0.22.4-py3-none-any.whl.metadata (15 kB)
Collecting pygments (from kivy==2.3.0->-r requirements.txt (line 5))
  Downloading pygments-2.19.2-py3-none-any.whl.metadata (2.5 kB)
Collecting requests (from Kivy-Garden>=0.1.4->kivy==2.3.0->-r requirements.txt (line 5))
  Downloading requests-2.32.5-py3-none-any.whl.metadata (4.9 kB)
Collecting charset_normalizer<4,>=2 (from requests->Kivy-Garden>=0.1.4->kivy==2.3.0->-r requirements.txt (line 5))
  Downloading charset_normalizer-3.4.4-cp310-cp310-manylinux2014_x86_64.manylinux_2_17_x86_64.manylinux_2_28_x86_64.whl.metadata (37 kB)
Collecting idna<4,>=2.5 (from requests->Kivy-Garden>=0.1.4->kivy==2.3.0->-r requirements.txt (line 5))
  Downloading idna-3.11-py3-none-any.whl.metadata (8.4 kB)
Collecting urllib3<3,>=1.21.1 (from requests->Kivy-Garden>=0.1.4->kivy==2.3.0->-r requirements.txt (line 5))
  Downloading urllib3-2.6.3-py3-none-any.whl.metadata (6.9 kB)
Collecting certifi>=2017.4.17 (from requests->Kivy-Garden>=0.1.4->kivy==2.3.0->-r requirements.txt (line 5))
  Downloading certifi-2026.2.25-py3-none-any.whl.metadata (2.5 kB)
Downloading Kivy-2.3.0-cp310-cp310-manylinux_2_17_x86_64.manylinux2014_x86_64.whl (21.2 MB)
   ━━━━━━━━━━━━━━━━━━━━━━━━━━━━━━━━━━━━━━━━ 21.2/21.2 MB 72.0 MB/s  0:00:00
Downloading plyer-2.1.0-py2.py3-none-any.whl (142 kB)
Downloading pillow-12.1.1-cp310-cp310-manylinux_2_27_x86_64.manylinux_2_28_x86_64.whl (7.0 MB)
   ━━━━━━━━━━━━━━━━━━━━━━━━━━━━━━━━━━━━━━━━ 7.0/7.0 MB 216.2 MB/s  0:00:00
Downloading Kivy_Garden-0.1.5-py3-none-any.whl (4.6 kB)
Downloading docutils-0.22.4-py3-none-any.whl (633 kB)
   ━━━━━━━━━━━━━━━━━━━━━━━━━━━━━━━━━━━━━━━━ 633.2/633.2 kB 61.4 MB/s  0:00:00
Downloading pygments-2.19.2-py3-none-any.whl (1.2 MB)
   ━━━━━━━━━━━━━━━━━━━━━━━━━━━━━━━━━━━━━━━━ 1.2/1.2 MB 172.0 MB/s  0:00:00
Downloading requests-2.32.5-py3-none-any.whl (64 kB)
Downloading charset_normalizer-3.4.4-cp310-cp310-manylinux2014_x86_64.manylinux_2_17_x86_64.manylinux_2_28_x86_64.whl (153 kB)
Downloading idna-3.11-py3-none-any.whl (71 kB)
Downloading urllib3-2.6.3-py3-none-any.whl (131 kB)
Downloading certifi-2026.2.25-py3-none-any.whl (153 kB)
Installing collected packages: plyer, urllib3, pygments, Pillow, idna, docutils, charset_normalizer, certifi, requests, Kivy-Garden, kivy

Successfully installed Kivy-Garden-0.1.5 Pillow-12.1.1 certifi-2026.2.25 charset_normalizer-3.4.4 docutils-0.22.4 idna-3.11 kivy-2.3.0 plyer-2.1.0 pygments-2.19.2 requests-2.32.5 urllib3-2.6.3
Fri Feb 27 01:04:08 UTC 2026: 检查安装结果
buildozer          1.5.0
pillow             12.1.1
Fri Feb 27 01:04:08 UTC 2026: 验证版本兼容性
Buildozer version: 1.5.0
Cython version: 3.2.4
Fri Feb 27 01:04:08 UTC 2026: Python 依赖安装完成
